<?xml version="1.0" encoding="UTF-8"?>
<!-- Generated by org.testng.reporters.JUnitReportReporter -->
<testsuite skipped="0" hostname="IN3240319W1" name="DynamicJson" tests="4" failures="0" timestamp="22 Jun 2022 06:55:02 GMT" time="6.641" errors="0">
  <testcase name="addBook" time="0.352" classname="DynamicJson"/>
  <testcase name="addBook" time="0.470" classname="DynamicJson"/>
  <testcase name="addBook" time="0.311" classname="DynamicJson"/>
  <testcase name="addBook" time="5.508" classname="DynamicJson"/>
</testsuite> <!-- DynamicJson -->
