<?xml version="1.0" encoding="UTF-8"?>
<!-- Generated by org.testng.reporters.JUnitReportReporter -->
<testsuite skipped="0" hostname="IN3240319W1" name="DataDrivenExample.dataProvide" tests="3" failures="0" timestamp="23 Jun 2022 11:23:15 GMT" time="0.016" errors="0">
  <testcase name="testCaseData" time="0.000" classname="DataDrivenExample.dataProvide"/>
  <testcase name="testCaseData" time="0.000" classname="DataDrivenExample.dataProvide"/>
  <testcase name="testCaseData" time="0.016" classname="DataDrivenExample.dataProvide"/>
</testsuite> <!-- DataDrivenExample.dataProvide -->
